<?xml version="1.0" encoding="UTF-8"?>
<!-- Generated by org.testng.reporters.JUnitXMLReporter -->
<testsuite ignored="0" hostname="Nitika" failures="0" tests="7" name="Default test" time="59.884" errors="0" timestamp="2022-09-02T14:45:18 IST">
  <testcase classname="Nitika.newGenAssignment" name="initialize" time="3.118"/>
  <testcase classname="Nitika.newGenAssignment" name="loginVerify" time="20.257"/>
  <testcase classname="Nitika.newGenAssignment" name="clkOffset" time="5.33"/>
  <testcase classname="Nitika.newGenAssignment" name="setBroswerSize" time="0.32"/>
  <testcase classname="Nitika.newGenChrome" name="loginVerify" time="21.157"/>
  <testcase classname="Nitika.newGenChrome" name="clkOffset" time="5.27"/>
  <testcase classname="Nitika.newGenChrome" name="setBroswerSize" time="0.391"/>
</testsuite> <!-- Default test -->
