<?xml version="1.0" encoding="UTF-8"?>
<!-- Generated by org.testng.reporters.JUnitXMLReporter -->
<testsuite ignored="0" hostname="Nitika" failures="0" tests="3" name="Default test" time="103.689" errors="0" timestamp="2022-09-02T18:28:26 IST">
  <testcase classname="Nitika.newGenAssignment" name="loginVerifyOnChrome" time="32.595"/>
  <testcase classname="Nitika.newGenAssignment" name="loginVerifyOnEdge" time="32.354"/>
  <testcase classname="Nitika.newGenAssignment" name="loginVerifyOnFirefox" time="36.598"/>
</testsuite> <!-- Default test -->
