<?xml version="1.0" encoding="UTF-8"?>
<testng-results ignored="0" total="7" passed="7" failed="0" skipped="0">
  <reporter-output>
  </reporter-output>
  <suite started-at="2022-09-02T14:44:18 IST" name="Default suite" finished-at="2022-09-02T14:45:18 IST" duration-ms="59884">
    <groups>
    </groups>
    <test started-at="2022-09-02T14:44:18 IST" name="Default test" finished-at="2022-09-02T14:45:18 IST" duration-ms="59884">
      <class name="Nitika.newGenAssignment">
        <test-method signature="initialize()[pri:0, instance:Nitika.newGenAssignment@4686afc2]" started-at="2022-09-02T14:44:22 IST" name="initialize" finished-at="2022-09-02T14:44:25 IST" duration-ms="3118" status="PASS">
          <reporter-output>
          </reporter-output>
        </test-method> <!-- initialize -->
        <test-method signature="loginVerify()[pri:0, instance:Nitika.newGenAssignment@4686afc2]" started-at="2022-09-02T14:44:25 IST" name="loginVerify" finished-at="2022-09-02T14:44:45 IST" duration-ms="20257" status="PASS">
          <reporter-output>
          </reporter-output>
        </test-method> <!-- loginVerify -->
        <test-method signature="clkOffset()[pri:1, instance:Nitika.newGenAssignment@4686afc2]" started-at="2022-09-02T14:44:45 IST" name="clkOffset" finished-at="2022-09-02T14:44:50 IST" duration-ms="5330" status="PASS">
          <reporter-output>
          </reporter-output>
        </test-method> <!-- clkOffset -->
        <test-method signature="setBroswerSize()[pri:2, instance:Nitika.newGenAssignment@4686afc2]" started-at="2022-09-02T14:44:50 IST" name="setBroswerSize" finished-at="2022-09-02T14:44:51 IST" duration-ms="320" status="PASS">
          <reporter-output>
          </reporter-output>
        </test-method> <!-- setBroswerSize -->
        <test-method is-config="true" signature="teardown()[pri:0, instance:Nitika.newGenAssignment@4686afc2]" started-at="2022-09-02T14:45:17 IST" name="teardown" finished-at="2022-09-02T14:45:18 IST" duration-ms="156" status="PASS">
          <reporter-output>
          </reporter-output>
        </test-method> <!-- teardown -->
      </class> <!-- Nitika.newGenAssignment -->
      <class name="Nitika.newGenChrome">
        <test-method is-config="true" signature="initialize()[pri:0, instance:Nitika.newGenChrome@6340e5f0]" started-at="2022-09-02T14:44:18 IST" name="initialize" finished-at="2022-09-02T14:44:22 IST" duration-ms="3628" status="PASS">
          <reporter-output>
          </reporter-output>
        </test-method> <!-- initialize -->
        <test-method signature="loginVerify()[pri:0, instance:Nitika.newGenChrome@6340e5f0]" started-at="2022-09-02T14:44:51 IST" name="loginVerify" finished-at="2022-09-02T14:45:12 IST" duration-ms="21157" status="PASS">
          <reporter-output>
          </reporter-output>
        </test-method> <!-- loginVerify -->
        <test-method signature="clkOffset()[pri:1, instance:Nitika.newGenChrome@6340e5f0]" started-at="2022-09-02T14:45:12 IST" name="clkOffset" finished-at="2022-09-02T14:45:17 IST" duration-ms="5270" status="PASS">
          <reporter-output>
          </reporter-output>
        </test-method> <!-- clkOffset -->
        <test-method signature="setBroswerSize()[pri:2, instance:Nitika.newGenChrome@6340e5f0]" started-at="2022-09-02T14:45:17 IST" name="setBroswerSize" finished-at="2022-09-02T14:45:17 IST" duration-ms="391" status="PASS">
          <reporter-output>
          </reporter-output>
        </test-method> <!-- setBroswerSize -->
        <test-method is-config="true" signature="teardown()[pri:0, instance:Nitika.newGenChrome@6340e5f0]" started-at="2022-09-02T14:45:18 IST" name="teardown" finished-at="2022-09-02T14:45:18 IST" duration-ms="196" status="PASS">
          <reporter-output>
          </reporter-output>
        </test-method> <!-- teardown -->
      </class> <!-- Nitika.newGenChrome -->
    </test> <!-- Default test -->
  </suite> <!-- Default suite -->
</testng-results>
