<?xml version="1.0" encoding="UTF-8"?>
<testng-results ignored="0" total="3" passed="3" failed="0" skipped="0">
  <reporter-output>
  </reporter-output>
  <suite started-at="2022-09-02T18:26:43 IST" name="Default suite" finished-at="2022-09-02T18:28:26 IST" duration-ms="103689">
    <groups>
    </groups>
    <test started-at="2022-09-02T18:26:43 IST" name="Default test" finished-at="2022-09-02T18:28:26 IST" duration-ms="103689">
      <class name="Nitika.newGenAssignment">
        <test-method is-config="true" signature="getStarted()[pri:0, instance:Nitika.newGenAssignment@1e6a3214]" started-at="2022-09-02T18:26:43 IST" name="getStarted" finished-at="2022-09-02T18:26:43 IST" duration-ms="8" status="PASS">
          <reporter-output>
          </reporter-output>
        </test-method> <!-- getStarted -->
        <test-method signature="loginVerifyOnChrome()[pri:0, instance:Nitika.newGenAssignment@1e6a3214]" started-at="2022-09-02T18:26:43 IST" name="loginVerifyOnChrome" finished-at="2022-09-02T18:27:15 IST" duration-ms="32595" status="PASS">
          <reporter-output>
          </reporter-output>
        </test-method> <!-- loginVerifyOnChrome -->
        <test-method signature="loginVerifyOnEdge()[pri:0, instance:Nitika.newGenAssignment@1e6a3214]" started-at="2022-09-02T18:27:15 IST" name="loginVerifyOnEdge" finished-at="2022-09-02T18:27:48 IST" duration-ms="32354" status="PASS">
          <reporter-output>
          </reporter-output>
        </test-method> <!-- loginVerifyOnEdge -->
        <test-method signature="loginVerifyOnFirefox()[pri:0, instance:Nitika.newGenAssignment@1e6a3214]" started-at="2022-09-02T18:27:48 IST" name="loginVerifyOnFirefox" finished-at="2022-09-02T18:28:24 IST" duration-ms="36598" status="PASS">
          <reporter-output>
          </reporter-output>
        </test-method> <!-- loginVerifyOnFirefox -->
        <test-method is-config="true" signature="teardown()[pri:0, instance:Nitika.newGenAssignment@1e6a3214]" started-at="2022-09-02T18:28:24 IST" name="teardown" finished-at="2022-09-02T18:28:26 IST" duration-ms="2079" status="PASS">
          <reporter-output>
          </reporter-output>
        </test-method> <!-- teardown -->
      </class> <!-- Nitika.newGenAssignment -->
    </test> <!-- Default test -->
  </suite> <!-- Default suite -->
</testng-results>
